#! /c/iverilog/bin/vvp
:ivl_version "0.9.7 " "(v0_9_7)";
:vpi_time_precision - 12;
:vpi_module "system";
:vpi_module "v2005_math";
:vpi_module "va_math";
S_00827DD8 .scope module, "tb_lab5" "tb_lab5" 2 4;
 .timescale -9 -12;
v0082AEC8_0 .net "birth_num", 3 0, v00827BF8_0; 1 drivers
v0082AF20_0 .var "clk", 0 0;
v0082AF78_0 .var "clk_2hz", 0 0;
v00822C48_0 .var "cnt", 2 0;
v00822CA0_0 .var "cnt_2hz", 20 0;
v00822CF8_0 .var "rst", 0 0;
v00828030_0 .net "seg_data", 6 0, v008249D8_0; 1 drivers
E_0082E580 .event posedge, v0082AF20_0;
E_0082E980/0 .event negedge, v00822CF8_0;
E_0082E980/1 .event posedge, v0082AF78_0;
E_0082E980 .event/or E_0082E980/0, E_0082E980/1;
E_0082EAA0/0 .event negedge, v00822CF8_0;
E_0082EAA0/1 .event posedge, v0082AF20_0;
E_0082EAA0 .event/or E_0082EAA0/0, E_0082EAA0/1;
S_008248F8 .scope module, "lab5" "lab5_birth" 2 13, 3 1, S_00827DD8;
 .timescale -9 -12;
v00827BF8_0 .var "birth_num", 3 0;
v00824980_0 .net "cnt", 2 0, v00822C48_0; 1 drivers
v008249D8_0 .var "seg_data", 6 0;
E_0082E860 .event edge, v00827BF8_0, v008249D8_0;
E_0082E720 .event edge, v00824980_0;
    .scope S_008248F8;
T_0 ;
    %wait E_0082E720;
    %load/v 8, v00824980_0, 3;
    %cmpi/u 8, 0, 3;
    %jmp/1 T_0.0, 6;
    %cmpi/u 8, 1, 3;
    %jmp/1 T_0.1, 6;
    %cmpi/u 8, 2, 3;
    %jmp/1 T_0.2, 6;
    %cmpi/u 8, 3, 3;
    %jmp/1 T_0.3, 6;
    %cmpi/u 8, 4, 3;
    %jmp/1 T_0.4, 6;
    %cmpi/u 8, 5, 3;
    %jmp/1 T_0.5, 6;
    %cmpi/u 8, 6, 3;
    %jmp/1 T_0.6, 6;
    %cmpi/u 8, 7, 3;
    %jmp/1 T_0.7, 6;
    %jmp T_0.8;
T_0.0 ;
    %movi 8, 1, 4;
    %set/v v00827BF8_0, 8, 4;
    %jmp T_0.8;
T_0.1 ;
    %movi 8, 9, 4;
    %set/v v00827BF8_0, 8, 4;
    %jmp T_0.8;
T_0.2 ;
    %movi 8, 9, 4;
    %set/v v00827BF8_0, 8, 4;
    %jmp T_0.8;
T_0.3 ;
    %movi 8, 6, 4;
    %set/v v00827BF8_0, 8, 4;
    %jmp T_0.8;
T_0.4 ;
    %movi 8, 1, 4;
    %set/v v00827BF8_0, 8, 4;
    %jmp T_0.8;
T_0.5 ;
    %movi 8, 2, 4;
    %set/v v00827BF8_0, 8, 4;
    %jmp T_0.8;
T_0.6 ;
    %set/v v00827BF8_0, 0, 4;
    %jmp T_0.8;
T_0.7 ;
    %movi 8, 6, 4;
    %set/v v00827BF8_0, 8, 4;
    %jmp T_0.8;
T_0.8 ;
    %jmp T_0;
    .thread T_0, $push;
    .scope S_008248F8;
T_1 ;
    %wait E_0082E860;
    %load/v 8, v00827BF8_0, 4;
    %cmpi/u 8, 0, 4;
    %jmp/1 T_1.0, 6;
    %cmpi/u 8, 1, 4;
    %jmp/1 T_1.1, 6;
    %cmpi/u 8, 2, 4;
    %jmp/1 T_1.2, 6;
    %cmpi/u 8, 3, 4;
    %jmp/1 T_1.3, 6;
    %cmpi/u 8, 4, 4;
    %jmp/1 T_1.4, 6;
    %cmpi/u 8, 5, 4;
    %jmp/1 T_1.5, 6;
    %cmpi/u 8, 6, 4;
    %jmp/1 T_1.6, 6;
    %cmpi/u 8, 7, 4;
    %jmp/1 T_1.7, 6;
    %cmpi/u 8, 8, 4;
    %jmp/1 T_1.8, 6;
    %cmpi/u 8, 9, 4;
    %jmp/1 T_1.9, 6;
    %load/v 8, v008249D8_0, 7;
    %set/v v008249D8_0, 8, 7;
    %jmp T_1.11;
T_1.0 ;
    %movi 8, 64, 7;
    %set/v v008249D8_0, 8, 7;
    %jmp T_1.11;
T_1.1 ;
    %movi 8, 121, 7;
    %set/v v008249D8_0, 8, 7;
    %jmp T_1.11;
T_1.2 ;
    %movi 8, 36, 7;
    %set/v v008249D8_0, 8, 7;
    %jmp T_1.11;
T_1.3 ;
    %movi 8, 48, 7;
    %set/v v008249D8_0, 8, 7;
    %jmp T_1.11;
T_1.4 ;
    %movi 8, 25, 7;
    %set/v v008249D8_0, 8, 7;
    %jmp T_1.11;
T_1.5 ;
    %movi 8, 18, 7;
    %set/v v008249D8_0, 8, 7;
    %jmp T_1.11;
T_1.6 ;
    %movi 8, 2, 7;
    %set/v v008249D8_0, 8, 7;
    %jmp T_1.11;
T_1.7 ;
    %movi 8, 88, 7;
    %set/v v008249D8_0, 8, 7;
    %jmp T_1.11;
T_1.8 ;
    %set/v v008249D8_0, 0, 7;
    %jmp T_1.11;
T_1.9 ;
    %movi 8, 16, 7;
    %set/v v008249D8_0, 8, 7;
    %jmp T_1.11;
T_1.11 ;
    %jmp T_1;
    .thread T_1, $push;
    .scope S_00827DD8;
T_2 ;
    %delay 5000, 0;
    %load/v 8, v0082AF20_0, 1;
    %inv 8, 1;
    %set/v v0082AF20_0, 8, 1;
    %jmp T_2;
    .thread T_2;
    .scope S_00827DD8;
T_3 ;
    %wait E_0082EAA0;
    %load/v 8, v00822CF8_0, 1;
    %inv 8, 1;
    %jmp/0xz  T_3.0, 8;
    %ix/load 0, 21, 0;
    %assign/v0 v00822CA0_0, 0, 0;
    %ix/load 0, 1, 0;
    %assign/v0 v0082AF78_0, 0, 0;
    %jmp T_3.1;
T_3.0 ;
    %movi 8, 12499, 22;
    %load/v 30, v00822CA0_0, 21;
    %mov 51, 0, 1;
    %cmp/u 8, 30, 22;
    %or 5, 4, 1;
    %jmp/0xz  T_3.2, 5;
    %ix/load 0, 21, 0;
    %assign/v0 v00822CA0_0, 0, 0;
    %load/v 8, v0082AF78_0, 1;
    %inv 8, 1;
    %ix/load 0, 1, 0;
    %assign/v0 v0082AF78_0, 0, 8;
    %jmp T_3.3;
T_3.2 ;
    %load/v 8, v00822CA0_0, 21;
    %mov 29, 0, 11;
    %addi 8, 1, 32;
    %ix/load 0, 21, 0;
    %assign/v0 v00822CA0_0, 0, 8;
    %load/v 8, v0082AF78_0, 1;
    %ix/load 0, 1, 0;
    %assign/v0 v0082AF78_0, 0, 8;
T_3.3 ;
T_3.1 ;
    %jmp T_3;
    .thread T_3;
    .scope S_00827DD8;
T_4 ;
    %wait E_0082E980;
    %load/v 8, v00822CF8_0, 1;
    %inv 8, 1;
    %jmp/0xz  T_4.0, 8;
    %ix/load 0, 3, 0;
    %assign/v0 v00822C48_0, 0, 0;
    %jmp T_4.1;
T_4.0 ;
    %ix/load 0, 1, 0;
    %load/vp0 8, v00822C48_0, 3;
    %ix/load 0, 3, 0;
    %assign/v0 v00822C48_0, 0, 8;
T_4.1 ;
    %jmp T_4;
    .thread T_4;
    .scope S_00827DD8;
T_5 ;
    %wait E_0082E580;
    %delay 250000000, 0;
    %vpi_call 2 43 "$display", $time, "  cnt = %d, ,birth = %d, output = %b", v00822C48_0, v0082AEC8_0, v00828030_0;
    %jmp T_5;
    .thread T_5;
    .scope S_00827DD8;
T_6 ;
    %vpi_call 2 47 "$dumpfile", "lab5.fsdb";
    %vpi_call 2 48 "$dumpvars";
    %set/v v0082AF20_0, 0, 1;
    %set/v v00822CF8_0, 0, 1;
    %wait E_0082E580;
    %set/v v00822CF8_0, 1, 1;
    %delay 705032704, 1;
    %vpi_call 2 53 "$finish";
    %end;
    .thread T_6;
# The file index is used to find the file name in the following table.
:file_names 4;
    "N/A";
    "<interactive>";
    "tb_lab5.v";
    "./lab5.v";
